10/01/2023, 20:08:19	<<ERROR>>	
Call Stack:
Error: ER_NO_SUCH_TABLE: Table 'eventeam.eventtypes' doesn't exist
    at Query.Sequence._packetToError (C:\src\jbp\projects\Eventeam\Backend\node_modules\mysql\lib\protocol\sequences\Sequence.js:47:14)
    at Query.ErrorPacket (C:\src\jbp\projects\Eventeam\Backend\node_modules\mysql\lib\protocol\sequences\Query.js:79:18)
    at Protocol._parsePacket (C:\src\jbp\projects\Eventeam\Backend\node_modules\mysql\lib\protocol\Protocol.js:291:23)
    at Parser._parsePacket (C:\src\jbp\projects\Eventeam\Backend\node_modules\mysql\lib\protocol\Parser.js:433:10)
    at Parser.write (C:\src\jbp\projects\Eventeam\Backend\node_modules\mysql\lib\protocol\Parser.js:43:10)
    at Protocol.write (C:\src\jbp\projects\Eventeam\Backend\node_modules\mysql\lib\protocol\Protocol.js:38:16)
    at Socket.<anonymous> (C:\src\jbp\projects\Eventeam\Backend\node_modules\mysql\lib\Connection.js:88:28)
    at Socket.<anonymous> (C:\src\jbp\projects\Eventeam\Backend\node_modules\mysql\lib\Connection.js:526:10)
    at Socket.emit (node:events:513:28)
    at Socket.emit (node:domain:489:12)
    --------------------
    at Pool.query (C:\src\jbp\projects\Eventeam\Backend\node_modules\mysql\lib\Pool.js:199:23)
    at C:\src\jbp\projects\Eventeam\Backend\src\2-utils\dal.ts:14:16
    at new Promise (<anonymous>)
    at Object.execute (C:\src\jbp\projects\Eventeam\Backend\src\2-utils\dal.ts:13:10)
    at C:\src\jbp\projects\Eventeam\Backend\src\5-logic\logic.ts:19:27
    at Generator.next (<anonymous>)
    at C:\src\jbp\projects\Eventeam\Backend\src\5-logic\logic.ts:8:71
    at new Promise (<anonymous>)
    at __awaiter (C:\src\jbp\projects\Eventeam\Backend\src\5-logic\logic.ts:4:12)
    at Object.getEventsByType (C:\src\jbp\projects\Eventeam\Backend\src\5-logic\logic.ts:14:78)
-------------------------------------------------------------------------------------------
10/01/2023, 20:11:30	<<ERROR>>	
Call Stack:
Error: ER_BAD_NULL_ERROR: Column 'address' cannot be null
    at Query.Sequence._packetToError (C:\src\jbp\projects\Eventeam\Backend\node_modules\mysql\lib\protocol\sequences\Sequence.js:47:14)
    at Query.ErrorPacket (C:\src\jbp\projects\Eventeam\Backend\node_modules\mysql\lib\protocol\sequences\Query.js:79:18)
    at Protocol._parsePacket (C:\src\jbp\projects\Eventeam\Backend\node_modules\mysql\lib\protocol\Protocol.js:291:23)
    at Parser._parsePacket (C:\src\jbp\projects\Eventeam\Backend\node_modules\mysql\lib\protocol\Parser.js:433:10)
    at Parser.write (C:\src\jbp\projects\Eventeam\Backend\node_modules\mysql\lib\protocol\Parser.js:43:10)
    at Protocol.write (C:\src\jbp\projects\Eventeam\Backend\node_modules\mysql\lib\protocol\Protocol.js:38:16)
    at Socket.<anonymous> (C:\src\jbp\projects\Eventeam\Backend\node_modules\mysql\lib\Connection.js:88:28)
    at Socket.<anonymous> (C:\src\jbp\projects\Eventeam\Backend\node_modules\mysql\lib\Connection.js:526:10)
    at Socket.emit (node:events:513:28)
    at Socket.emit (node:domain:489:12)
    --------------------
    at Pool.query (C:\src\jbp\projects\Eventeam\Backend\node_modules\mysql\lib\Pool.js:199:23)
    at C:\src\jbp\projects\Eventeam\Backend\src\2-utils\dal.ts:14:16
    at new Promise (<anonymous>)
    at Object.execute (C:\src\jbp\projects\Eventeam\Backend\src\2-utils\dal.ts:13:10)
    at C:\src\jbp\projects\Eventeam\Backend\src\5-logic\logic.ts:25:36
    at Generator.next (<anonymous>)
    at C:\src\jbp\projects\Eventeam\Backend\src\5-logic\logic.ts:8:71
    at new Promise (<anonymous>)
    at __awaiter (C:\src\jbp\projects\Eventeam\Backend\src\5-logic\logic.ts:4:12)
    at Object.addEvent (C:\src\jbp\projects\Eventeam\Backend\src\5-logic\logic.ts:23:67)
-------------------------------------------------------------------------------------------
13/01/2023, 8:14:05	<<ERROR>>	
-------------------------------------------------------------------------------------------
